#
# A fatal error has been detected by the Java Runtime Environment:
#
#  EXCEPTION_ACCESS_VIOLATION (0xc0000005) at pc=0x000000005e504a36, pid=15476, tid=0x000000000000089c
#
# JRE version: Java(TM) SE Runtime Environment (8.0_144-b01) (build 1.8.0_144-b01)
# Java VM: Java HotSpot(TM) 64-Bit Server VM (25.144-b01 mixed mode windows-amd64 compressed oops)
# Problematic frame:
# C  [jfxwebkit.dll+0xc74a36]
#
# Failed to write core dump. Minidumps are not enabled by default on client versions of Windows
#
# If you would like to submit a bug report, please visit:
#   http://bugreport.java.com/bugreport/crash.jsp
# The crash happened outside the Java Virtual Machine in native code.
# See problematic frame for where to report the bug.
#

---------------  T H R E A D  ---------------

Current thread (0x000000001fc75800):  JavaThread "JavaFX Application Thread" [_thread_in_native, id=2204, stack(0x0000000021110000,0x0000000021210000)]

siginfo: ExceptionCode=0xc0000005, reading address 0x0000000000000058

Registers:
RAX=0x0000000000000040, RBX=0x000000003442dc38, RCX=0x000000002120d6b0, RDX=0x0000000000000040
RSP=0x000000002120d640, RBP=0x000000002120d6c0, RSI=0x0000000034ffb120, RDI=0x0000000000000040
R8 =0x0000000000d02ac0, R9 =0x0000000000000001, R10=0x0000000000008000, R11=0x000000002120d530
R12=0x0000000000000004, R13=0x000000002120dc70, R14=0x00000000342e0d80, R15=0x0000000034f8c5e0
RIP=0x000000005e504a36, EFLAGS=0x0000000000010202

Top of Stack: (sp=0x000000002120d640)
0x000000002120d640:   000000005eac4d00 000000005eac9cc0
0x000000002120d650:   0000000000000000 00007ff9149b0000
0x000000002120d660:   000000003442dc38 000000005da44bd9
0x000000002120d670:   0000000000000004 0000000034f8c5d0
0x000000002120d680:   0000000034f6cf48 0000000034ffb120
0x000000002120d690:   0000000034f8c5d0 000000005da459ea
0x000000002120d6a0:   0000000000000000 0000000034ffb120
0x000000002120d6b0:   0000015af7ef7277 0000000034f6cf48
0x000000002120d6c0:   000000005eac4d00 000000005eac4af0
0x000000002120d6d0:   000000005eac4b00 0000000000000013
0x000000002120d6e0:   0000000034f7f100 0000000000000004
0x000000002120d6f0:   0000000000000000 0000000025346180
0x000000002120d700:   000000002e174568 000000005da4d2ff
0x000000002120d710:   0000000034f7f100 000000002e174570
0x000000002120d720:   000000002e174570 0000000034fec600
0x000000002120d730:   000000002e174550 000000002e174570 

Instructions: (pc=0x000000005e504a36)
0x000000005e504a16:   41 10 4c 89 41 18 44 89 41 20 44 88 41 24 48 89
0x000000005e504a26:   51 28 4c 89 41 30 48 8b c1 c3 40 53 48 83 ec 20
0x000000005e504a36:   48 8b 42 18 48 8b d9 48 89 44 24 30 48 25 00 c0
0x000000005e504a46:   ff ff 4c 8b 80 e8 00 00 00 4c 89 01 4d 85 c0 74 


Register to memory mapping:

RAX=0x0000000000000040 is an unknown value
RBX=0x000000003442dc38 is an unknown value
RCX=0x000000002120d6b0 is pointing into the stack for thread: 0x000000001fc75800
RDX=0x0000000000000040 is an unknown value
RSP=0x000000002120d640 is pointing into the stack for thread: 0x000000001fc75800
RBP=0x000000002120d6c0 is pointing into the stack for thread: 0x000000001fc75800
RSI=0x0000000034ffb120 is an unknown value
RDI=0x0000000000000040 is an unknown value
R8 =0x0000000000d02ac0 is an unknown value
R9 =0x0000000000000001 is an unknown value
R10=0x0000000000008000 is an unknown value
R11=0x000000002120d530 is pointing into the stack for thread: 0x000000001fc75800
R12=0x0000000000000004 is an unknown value
R13=0x000000002120dc70 is pointing into the stack for thread: 0x000000001fc75800
R14=0x00000000342e0d80 is an unknown value
R15=0x0000000034f8c5e0 is an unknown value


Stack: [0x0000000021110000,0x0000000021210000],  sp=0x000000002120d640,  free space=1013k
Native frames: (J=compiled Java code, j=interpreted, Vv=VM code, C=native code)
C  [jfxwebkit.dll+0xc74a36]
C  [jfxwebkit.dll+0x1b4bd9]
C  [jfxwebkit.dll+0x1b59ea]
C  [jfxwebkit.dll+0x1bd2ff]
C  [jfxwebkit.dll+0x1b94f6]
C  [jfxwebkit.dll+0x1b8fa0]
C  [jfxwebkit.dll+0x1b8c70]
C  [jfxwebkit.dll+0x4e9ffa]
C  [jfxwebkit.dll+0x4ef802]
C  [jfxwebkit.dll+0x1c128b]
C  [jfxwebkit.dll+0x59a9de]
C  0x000000000328ceb4

Java frames: (J=compiled Java code, j=interpreted, Vv=VM code)
J 2733  com.sun.webkit.Timer.twkFireTimerEvent()V (0 bytes) @ 0x000000000328ce3e [0x000000000328ce00+0x3e]
J 2732 C1 com.sun.webkit.Timer.fireTimerEvent(J)V (65 bytes) @ 0x000000000328c09c [0x000000000328bc40+0x45c]
J 2731 C1 com.sun.webkit.Timer.notifyTick()V (29 bytes) @ 0x000000000328b7ec [0x000000000328b580+0x26c]
J 2203 C1 javafx.scene.web.WebEngine$PulseTimer$$Lambda$271.run()V (4 bytes) @ 0x00000000030ed524 [0x00000000030ed3c0+0x164]
J 2264 C1 com.sun.javafx.application.PlatformImpl$$Lambda$50.run()Ljava/lang/Object; (8 bytes) @ 0x000000000311684c [0x0000000003116700+0x14c]
v  ~StubRoutines::call_stub
J 1806  java.security.AccessController.doPrivileged(Ljava/security/PrivilegedAction;Ljava/security/AccessControlContext;)Ljava/lang/Object; (0 bytes) @ 0x0000000003018f26 [0x0000000003018ec0+0x66]
J 2261 C1 com.sun.javafx.application.PlatformImpl.lambda$runLater$174(Ljava/lang/Runnable;Ljava/security/AccessControlContext;)V (38 bytes) @ 0x00000000031154cc [0x0000000003115160+0x36c]
J 2144 C1 com.sun.javafx.application.PlatformImpl$$Lambda$49.run()V (12 bytes) @ 0x00000000030c594c [0x00000000030c58c0+0x8c]
J 2039 C1 com.sun.glass.ui.InvokeLaterDispatcher$Future.run()V (91 bytes) @ 0x0000000003091f94 [0x0000000003091e80+0x114]
v  ~StubRoutines::call_stub
j  com.sun.glass.ui.win.WinApplication._runLoop(Ljava/lang/Runnable;)V+0
j  com.sun.glass.ui.win.WinApplication.lambda$null$148(ILjava/lang/Runnable;)V+8
j  com.sun.glass.ui.win.WinApplication$$Lambda$38.run()V+12
j  java.lang.Thread.run()V+11
v  ~StubRoutines::call_stub

---------------  P R O C E S S  ---------------

Java Threads: ( => current thread )
  0x0000000028c9e800 JavaThread "URL-Loader-19" daemon [_thread_in_native, id=9704, stack(0x0000000036010000,0x0000000036110000)]
  0x0000000028c9c800 JavaThread "URL-Loader-18" daemon [_thread_in_native, id=20124, stack(0x0000000035f10000,0x0000000036010000)]
  0x0000000028ca1800 JavaThread "URL-Loader-17" daemon [_thread_blocked, id=16664, stack(0x0000000034e40000,0x0000000034f40000)]
  0x0000000028c9a000 JavaThread "URL-Loader-16" daemon [_thread_blocked, id=3984, stack(0x0000000034d40000,0x0000000034e40000)]
  0x0000000028ca0000 JavaThread "URL-Loader-15" daemon [_thread_blocked, id=4312, stack(0x0000000034c40000,0x0000000034d40000)]
  0x0000000028c9e000 JavaThread "URL-Loader-14" daemon [_thread_blocked, id=8932, stack(0x0000000034b40000,0x0000000034c40000)]
  0x0000000028ca1000 JavaThread "URL-Loader-13" daemon [_thread_blocked, id=11332, stack(0x0000000034a40000,0x0000000034b40000)]
  0x0000000028c99800 JavaThread "URL-Loader-12" daemon [_thread_blocked, id=6052, stack(0x0000000034940000,0x0000000034a40000)]
  0x0000000028c9d000 JavaThread "URL-Loader-11" daemon [_thread_blocked, id=22332, stack(0x0000000034840000,0x0000000034940000)]
  0x0000000028bea800 JavaThread "URL-Loader-10" daemon [_thread_blocked, id=6568, stack(0x0000000034740000,0x0000000034840000)]
  0x0000000028bf1000 JavaThread "URL-Loader-9" daemon [_thread_blocked, id=16392, stack(0x0000000034640000,0x0000000034740000)]
  0x0000000028bf0800 JavaThread "URL-Loader-8" daemon [_thread_blocked, id=3992, stack(0x0000000034540000,0x0000000034640000)]
  0x0000000028bef800 JavaThread "URL-Loader-7" daemon [_thread_blocked, id=23112, stack(0x0000000034440000,0x0000000034540000)]
  0x0000000028bef000 JavaThread "URL-Loader-6" daemon [_thread_blocked, id=18540, stack(0x0000000033b40000,0x0000000033c40000)]
  0x0000000028bec000 JavaThread "URL-Loader-5" daemon [_thread_blocked, id=9348, stack(0x0000000033a40000,0x0000000033b40000)]
  0x0000000028bee000 JavaThread "URL-Loader-4" daemon [_thread_blocked, id=644, stack(0x0000000033940000,0x0000000033a40000)]
  0x0000000028bec800 JavaThread "URL-Loader-3" daemon [_thread_blocked, id=12788, stack(0x0000000033840000,0x0000000033940000)]
  0x0000000028bed800 JavaThread "URL-Loader-2" daemon [_thread_blocked, id=12460, stack(0x0000000033740000,0x0000000033840000)]
  0x000000001ff7b000 JavaThread "Keep-Alive-Timer" daemon [_thread_blocked, id=15812, stack(0x0000000033140000,0x0000000033240000)]
  0x000000002022c800 JavaThread "URL-Loader-1" daemon [_thread_blocked, id=22860, stack(0x0000000032f40000,0x0000000033040000)]
  0x0000000020189000 JavaThread "Disposer" daemon [_thread_blocked, id=23168, stack(0x0000000031bd0000,0x0000000031cd0000)]
  0x000000001fef6800 JavaThread "Prism Font Disposer" daemon [_thread_blocked, id=22096, stack(0x000000002b3c0000,0x000000002b4c0000)]
  0x000000001fcfc000 JavaThread "Thread-3" daemon [_thread_in_native, id=17928, stack(0x0000000028380000,0x0000000028480000)]
  0x000000001fcee000 JavaThread "JavaFX-Launcher" [_thread_blocked, id=16628, stack(0x0000000028480000,0x0000000028580000)]
=>0x000000001fc75800 JavaThread "JavaFX Application Thread" [_thread_in_native, id=2204, stack(0x0000000021110000,0x0000000021210000)]
  0x000000001fc9a800 JavaThread "Thread-1" daemon [_thread_blocked, id=19724, stack(0x0000000021010000,0x0000000021110000)]
  0x000000001fc4e800 JavaThread "QuantumRenderer-0" daemon [_thread_blocked, id=15232, stack(0x00000000203a0000,0x00000000204a0000)]
  0x000000001de2c000 JavaThread "Service Thread" daemon [_thread_blocked, id=19816, stack(0x000000001f830000,0x000000001f930000)]
  0x000000001ddb1000 JavaThread "C1 CompilerThread3" daemon [_thread_blocked, id=6028, stack(0x000000001f730000,0x000000001f830000)]
  0x000000001ddb0800 JavaThread "C2 CompilerThread2" daemon [_thread_blocked, id=16372, stack(0x000000001f630000,0x000000001f730000)]
  0x000000001dda2000 JavaThread "C2 CompilerThread1" daemon [_thread_blocked, id=9148, stack(0x000000001f530000,0x000000001f630000)]
  0x000000001dd9b800 JavaThread "C2 CompilerThread0" daemon [_thread_blocked, id=3444, stack(0x000000001f430000,0x000000001f530000)]
  0x000000001dda8000 JavaThread "Attach Listener" daemon [_thread_blocked, id=4632, stack(0x000000001f330000,0x000000001f430000)]
  0x000000001dda7000 JavaThread "Signal Dispatcher" daemon [_thread_blocked, id=22572, stack(0x000000001f230000,0x000000001f330000)]
  0x000000001dd93000 JavaThread "Finalizer" daemon [_thread_blocked, id=9360, stack(0x000000001eff0000,0x000000001f0f0000)]
  0x0000000002a78000 JavaThread "Reference Handler" daemon [_thread_blocked, id=18812, stack(0x000000001eef0000,0x000000001eff0000)]
  0x000000000287e000 JavaThread "main" [_thread_blocked, id=18908, stack(0x0000000002880000,0x0000000002980000)]

Other Threads:
  0x000000001c6c5800 VMThread [stack: 0x000000001edf0000,0x000000001eef0000] [id=13428]
  0x000000001de57000 WatcherThread [stack: 0x000000001faa0000,0x000000001fba0000] [id=13816]

VM state:not at safepoint (normal execution)

VM Mutex/Monitor currently owned by a thread: None

Heap:
 PSYoungGen      total 141824K, used 56620K [0x000000076b580000, 0x0000000774c80000, 0x00000007c0000000)
  eden space 129024K, 41% used [0x000000076b580000,0x000000076ea179c8,0x0000000773380000)
  from space 12800K, 21% used [0x0000000774000000,0x00000007742b3740,0x0000000774c80000)
  to   space 12800K, 0% used [0x0000000773380000,0x0000000773380000,0x0000000774000000)
 ParOldGen       total 94208K, used 15283K [0x00000006c2000000, 0x00000006c7c00000, 0x000000076b580000)
  object space 94208K, 16% used [0x00000006c2000000,0x00000006c2eecf38,0x00000006c7c00000)
 Metaspace       used 24062K, capacity 25144K, committed 25344K, reserved 1071104K
  class space    used 3284K, capacity 3503K, committed 3584K, reserved 1048576K

Card table byte_map: [0x0000000011e50000,0x0000000012650000] byte_map_base: 0x000000000e840000

Marking Bits: (ParMarkBitMap*) 0x0000000060a2d850
 Begin Bits: [0x00000000135a0000, 0x0000000017520000)
 End Bits:   [0x0000000017520000, 0x000000001b4a0000)

Polling page: 0x00000000027d0000

CodeCache: size=245760Kb used=9126Kb max_used=9751Kb free=236633Kb
 bounds [0x0000000002a90000, 0x0000000003430000, 0x0000000011a90000]
 total_blobs=3738 nmethods=2958 adapters=691
 compilation: enabled

Compilation events (10 events):
Event: 10.971 Thread 0x000000001ddb1000 3310       3       com.sun.prism.impl.ps.BaseShaderContext::updatePaintShader (157 bytes)
Event: 10.971 Thread 0x000000001ddb1000 nmethod 3310 0x00000000033524d0 code [0x00000000033526c0, 0x0000000003352f48]
Event: 10.971 Thread 0x000000001ddb1000 3313   !   3       com.sun.javafx.sg.prism.NGGroup::renderContent (436 bytes)
Event: 10.973 Thread 0x000000001ddb1000 nmethod 3313 0x0000000002ed9010 code [0x0000000002ed9560, 0x0000000002edcd48]
Event: 10.973 Thread 0x000000001ddb1000 3311       1       com.sun.javafx.webkit.prism.WCGraphicsPrismContext$ContextState::getShadowNoClone (5 bytes)
Event: 10.973 Thread 0x000000001ddb1000 nmethod 3311 0x0000000002d63790 code [0x0000000002d638e0, 0x0000000002d639f0]
Event: 10.973 Thread 0x000000001ddb1000 3312       1       com.sun.javafx.webkit.prism.WCGraphicsPrismContext$ContextState::getClipNoClone (5 bytes)
Event: 10.973 Thread 0x000000001ddb1000 nmethod 3312 0x0000000002d79250 code [0x0000000002d793a0, 0x0000000002d794b0]
Event: 10.973 Thread 0x000000001ddb1000 3314       3       com.sun.javafx.sg.prism.NGRegion::getNormalizedFillRadii (43 bytes)
Event: 10.973 Thread 0x000000001ddb1000 nmethod 3314 0x0000000003335e90 code [0x0000000003336020, 0x0000000003336678]

GC Heap History (10 events):
Event: 9.209 GC heap before
{Heap before GC invocations=3 (full 1):
 PSYoungGen      total 75776K, used 9932K [0x000000076b580000, 0x0000000770a00000, 0x00000007c0000000)
  eden space 65024K, 0% used [0x000000076b580000,0x000000076b580000,0x000000076f500000)
  from space 10752K, 92% used [0x000000076ff80000,0x00000007709332d0,0x0000000770a00000)
  to   space 10752K, 0% used [0x000000076f500000,0x000000076f500000,0x000000076ff80000)
 ParOldGen       total 173568K, used 11144K [0x00000006c2000000, 0x00000006cc980000, 0x000000076b580000)
  object space 173568K, 6% used [0x00000006c2000000,0x00000006c2ae2020,0x00000006cc980000)
 Metaspace       used 20200K, capacity 21164K, committed 21296K, reserved 1067008K
  class space    used 2893K, capacity 3131K, committed 3200K, reserved 1048576K
Event: 9.227 GC heap after
Heap after GC invocations=3 (full 1):
 PSYoungGen      total 75776K, used 0K [0x000000076b580000, 0x0000000770a00000, 0x00000007c0000000)
  eden space 65024K, 0% used [0x000000076b580000,0x000000076b580000,0x000000076f500000)
  from space 10752K, 0% used [0x000000076ff80000,0x000000076ff80000,0x0000000770a00000)
  to   space 10752K, 0% used [0x000000076f500000,0x000000076f500000,0x000000076ff80000)
 ParOldGen       total 94208K, used 15251K [0x00000006c2000000, 0x00000006c7c00000, 0x000000076b580000)
  object space 94208K, 16% used [0x00000006c2000000,0x00000006c2ee4f38,0x00000006c7c00000)
 Metaspace       used 20200K, capacity 21164K, committed 21296K, reserved 1067008K
  class space    used 2893K, capacity 3131K, committed 3200K, reserved 1048576K
}
Event: 10.132 GC heap before
{Heap before GC invocations=4 (full 1):
 PSYoungGen      total 75776K, used 65016K [0x000000076b580000, 0x0000000770a00000, 0x00000007c0000000)
  eden space 65024K, 99% used [0x000000076b580000,0x000000076f4fe368,0x000000076f500000)
  from space 10752K, 0% used [0x000000076ff80000,0x000000076ff80000,0x0000000770a00000)
  to   space 10752K, 0% used [0x000000076f500000,0x000000076f500000,0x000000076ff80000)
 ParOldGen       total 94208K, used 15251K [0x00000006c2000000, 0x00000006c7c00000, 0x000000076b580000)
  object space 94208K, 16% used [0x00000006c2000000,0x00000006c2ee4f38,0x00000006c7c00000)
 Metaspace       used 23422K, capacity 24434K, committed 24576K, reserved 1071104K
  class space    used 3236K, capacity 3462K, committed 3584K, reserved 1048576K
Event: 10.136 GC heap after
Heap after GC invocations=4 (full 1):
 PSYoungGen      total 75776K, used 3935K [0x000000076b580000, 0x0000000770a00000, 0x00000007c0000000)
  eden space 65024K, 0% used [0x000000076b580000,0x000000076b580000,0x000000076f500000)
  from space 10752K, 36% used [0x000000076f500000,0x000000076f8d7d88,0x000000076ff80000)
  to   space 10752K, 0% used [0x000000076ff80000,0x000000076ff80000,0x0000000770a00000)
 ParOldGen       total 94208K, used 15259K [0x00000006c2000000, 0x00000006c7c00000, 0x000000076b580000)
  object space 94208K, 16% used [0x00000006c2000000,0x00000006c2ee6f38,0x00000006c7c00000)
 Metaspace       used 23422K, capacity 24434K, committed 24576K, reserved 1071104K
  class space    used 3236K, capacity 3462K, committed 3584K, reserved 1048576K
}
Event: 10.147 GC heap before
{Heap before GC invocations=5 (full 1):
 PSYoungGen      total 75776K, used 68886K [0x000000076b580000, 0x0000000770a00000, 0x00000007c0000000)
  eden space 65024K, 99% used [0x000000076b580000,0x000000076f4edcb0,0x000000076f500000)
  from space 10752K, 36% used [0x000000076f500000,0x000000076f8d7d88,0x000000076ff80000)
  to   space 10752K, 0% used [0x000000076ff80000,0x000000076ff80000,0x0000000770a00000)
 ParOldGen       total 94208K, used 15259K [0x00000006c2000000, 0x00000006c7c00000, 0x000000076b580000)
  object space 94208K, 16% used [0x00000006c2000000,0x00000006c2ee6f38,0x00000006c7c00000)
 Metaspace       used 23422K, capacity 24434K, committed 24576K, reserved 1071104K
  class space    used 3236K, capacity 3462K, committed 3584K, reserved 1048576K
Event: 10.149 GC heap after
Heap after GC invocations=5 (full 1):
 PSYoungGen      total 75776K, used 2642K [0x000000076b580000, 0x0000000774680000, 0x00000007c0000000)
  eden space 65024K, 0% used [0x000000076b580000,0x000000076b580000,0x000000076f500000)
  from space 10752K, 24% used [0x000000076ff80000,0x0000000770214b28,0x0000000770a00000)
  to   space 10752K, 0% used [0x000000076f500000,0x000000076f500000,0x000000076ff80000)
 ParOldGen       total 94208K, used 15267K [0x00000006c2000000, 0x00000006c7c00000, 0x000000076b580000)
  object space 94208K, 16% used [0x00000006c2000000,0x00000006c2ee8f38,0x00000006c7c00000)
 Metaspace       used 23422K, capacity 24434K, committed 24576K, reserved 1071104K
  class space    used 3236K, capacity 3462K, committed 3584K, reserved 1048576K
}
Event: 10.158 GC heap before
{Heap before GC invocations=6 (full 1):
 PSYoungGen      total 75776K, used 67617K [0x000000076b580000, 0x0000000774680000, 0x00000007c0000000)
  eden space 65024K, 99% used [0x000000076b580000,0x000000076f4f3a00,0x000000076f500000)
  from space 10752K, 24% used [0x000000076ff80000,0x0000000770214b28,0x0000000770a00000)
  to   space 10752K, 0% used [0x000000076f500000,0x000000076f500000,0x000000076ff80000)
 ParOldGen       total 94208K, used 15267K [0x00000006c2000000, 0x00000006c7c00000, 0x000000076b580000)
  object space 94208K, 16% used [0x00000006c2000000,0x00000006c2ee8f38,0x00000006c7c00000)
 Metaspace       used 23425K, capacity 24434K, committed 24576K, reserved 1071104K
  class space    used 3236K, capacity 3462K, committed 3584K, reserved 1048576K
Event: 10.159 GC heap after
Heap after GC invocations=6 (full 1):
 PSYoungGen      total 75776K, used 2675K [0x000000076b580000, 0x0000000774d00000, 0x00000007c0000000)
  eden space 65024K, 0% used [0x000000076b580000,0x000000076b580000,0x000000076f500000)
  from space 10752K, 24% used [0x000000076f500000,0x000000076f79cd18,0x000000076ff80000)
  to   space 13312K, 0% used [0x0000000774000000,0x0000000774000000,0x0000000774d00000)
 ParOldGen       total 94208K, used 15275K [0x00000006c2000000, 0x00000006c7c00000, 0x000000076b580000)
  object space 94208K, 16% used [0x00000006c2000000,0x00000006c2eeaf38,0x00000006c7c00000)
 Metaspace       used 23425K, capacity 24434K, committed 24576K, reserved 1071104K
  class space    used 3236K, capacity 3462K, committed 3584K, reserved 1048576K
}
Event: 10.167 GC heap before
{Heap before GC invocations=7 (full 1):
 PSYoungGen      total 75776K, used 67554K [0x000000076b580000, 0x0000000774d00000, 0x00000007c0000000)
  eden space 65024K, 99% used [0x000000076b580000,0x000000076f4dbc98,0x000000076f500000)
  from space 10752K, 24% used [0x000000076f500000,0x000000076f79cd18,0x000000076ff80000)
  to   space 13312K, 0% used [0x0000000774000000,0x0000000774000000,0x0000000774d00000)
 ParOldGen       total 94208K, used 15275K [0x00000006c2000000, 0x00000006c7c00000, 0x000000076b580000)
  object space 94208K, 16% used [0x00000006c2000000,0x00000006c2eeaf38,0x00000006c7c00000)
 Metaspace       used 23425K, capacity 24434K, committed 24576K, reserved 1071104K
  class space    used 3236K, capacity 3462K, committed 3584K, reserved 1048576K
Event: 10.168 GC heap after
Heap after GC invocations=7 (full 1):
 PSYoungGen      total 141824K, used 2765K [0x000000076b580000, 0x0000000774c80000, 0x00000007c0000000)
  eden space 129024K, 0% used [0x000000076b580000,0x000000076b580000,0x0000000773380000)
  from space 12800K, 21% used [0x0000000774000000,0x00000007742b3740,0x0000000774c80000)
  to   space 12800K, 0% used [0x0000000773380000,0x0000000773380000,0x0000000774000000)
 ParOldGen       total 94208K, used 15283K [0x00000006c2000000, 0x00000006c7c00000, 0x000000076b580000)
  object space 94208K, 16% used [0x00000006c2000000,0x00000006c2eecf38,0x00000006c7c00000)
 Metaspace       used 23425K, capacity 24434K, committed 24576K, reserved 1071104K
  class space    used 3236K, capacity 3462K, committed 3584K, reserved 1048576K
}

Deoptimization events (10 events):
Event: 10.171 Thread 0x000000002022c800 Uncommon trap: reason=unstable_if action=reinterpret pc=0x0000000003342ff8 method=sun.text.normalizer.TrieIterator.next(Lsun/text/normalizer/RangeValueIterator$Element;)Z @ 6
Event: 10.186 Thread 0x000000002022c800 Uncommon trap: reason=unstable_if action=reinterpret pc=0x000000000332a0f8 method=java.util.regex.Pattern$Ctype.isSatisfiedBy(I)Z @ 4
Event: 10.197 Thread 0x000000002022c800 Uncommon trap: reason=unstable_if action=reinterpret pc=0x0000000003337af8 method=sun.text.normalizer.UnicodeSet.findCodePoint(I)I @ 32
Event: 10.203 Thread 0x000000002022c800 Uncommon trap: reason=unstable_if action=reinterpret pc=0x0000000003192bec method=java.lang.CharacterDataLatin1.digit(II)I @ 60
Event: 10.204 Thread 0x000000002022c800 Uncommon trap: reason=unstable_if action=reinterpret pc=0x00000000031963e4 method=java.lang.CharacterDataLatin1.digit(II)I @ 60
Event: 10.302 Thread 0x0000000028bed800 Uncommon trap: reason=unstable_if action=reinterpret pc=0x00000000033b6f3c method=java.net.IDN.toASCIIInternal(Ljava/lang/String;I)Ljava/lang/String; @ 72
Event: 10.302 Thread 0x0000000028bec000 Uncommon trap: reason=unstable_if action=reinterpret pc=0x00000000033b6f3c method=java.net.IDN.toASCIIInternal(Ljava/lang/String;I)Ljava/lang/String; @ 72
Event: 10.302 Thread 0x0000000028bee000 Uncommon trap: reason=unstable_if action=reinterpret pc=0x00000000033b6f3c method=java.net.IDN.toASCIIInternal(Ljava/lang/String;I)Ljava/lang/String; @ 72
Event: 10.302 Thread 0x0000000028bec800 Uncommon trap: reason=unstable_if action=reinterpret pc=0x00000000033b6f3c method=java.net.IDN.toASCIIInternal(Ljava/lang/String;I)Ljava/lang/String; @ 72
Event: 10.507 Thread 0x0000000028bef800 Uncommon trap: reason=predicate action=maybe_recompile pc=0x0000000002bb9758 method=java.util.regex.Pattern$SliceI.match(Ljava/util/regex/Matcher;ILjava/lang/CharSequence;)Z @ 21

Internal exceptions (10 events):
Event: 1.759 Thread 0x000000001fc75800 Exception <a 'java/lang/ClassCastException': java.lang.String cannot be cast to javafx.scene.paint.Paint> (0x000000076e46ce98) thrown at [C:\re\workspace\8-2-build-windows-amd64-cygwin\jdk8u144\9417\hotspot\src\share\vm\interpreter\interpreterRuntime.cpp,
Event: 1.898 Thread 0x000000001fc75800 Exception <a 'java/lang/ClassCastException': java.lang.String cannot be cast to javafx.scene.paint.Paint> (0x000000076eadd378) thrown at [C:\re\workspace\8-2-build-windows-amd64-cygwin\jdk8u144\9417\hotspot\src\share\vm\interpreter\interpreterRuntime.cpp,
Event: 1.922 Thread 0x000000001fc75800 Implicit null exception at 0x0000000002da91b5 to 0x0000000002da93e5
Event: 1.922 Thread 0x000000001fc75800 Implicit null exception at 0x0000000002ded858 to 0x0000000002ded8e6
Event: 1.923 Thread 0x000000001fc75800 Implicit null exception at 0x0000000002d2ee2f to 0x0000000002d2ee99
Event: 2.284 Thread 0x000000001fc75800 Exception <a 'java/lang/ClassCastException': java.lang.String cannot be cast to javafx.scene.paint.Paint> (0x000000076f10a3d8) thrown at [C:\re\workspace\8-2-build-windows-amd64-cygwin\jdk8u144\9417\hotspot\src\share\vm\interpreter\interpreterRuntime.cpp,
Event: 2.320 Thread 0x000000001fc75800 Implicit null exception at 0x0000000002d02e96 to 0x0000000002d03241
Event: 2.327 Thread 0x000000001fc75800 Implicit null exception at 0x0000000002cb3556 to 0x0000000002cb38f9
Event: 8.996 Thread 0x000000001fc75800 Exception <a 'sun/nio/fs/WindowsException'> (0x000000076c2eee08) thrown at [C:\re\workspace\8-2-build-windows-amd64-cygwin\jdk8u144\9417\hotspot\src\share\vm\prims\jni.cpp, line 709]
Event: 8.997 Thread 0x000000001fc75800 Exception <a 'sun/nio/fs/WindowsException'> (0x000000076c2f1790) thrown at [C:\re\workspace\8-2-build-windows-amd64-cygwin\jdk8u144\9417\hotspot\src\share\vm\prims\jni.cpp, line 709]

Events (10 events):
Event: 10.965 loading class com/sun/javafx/webkit/prism/WCGraphicsPrismContext$TransparencyLayer$1
Event: 10.965 loading class com/sun/javafx/webkit/prism/WCGraphicsPrismContext$TransparencyLayer$1 done
Event: 10.966 Executing VM operation: RevokeBias
Event: 10.966 Executing VM operation: RevokeBias done
Event: 10.967 loading class com/sun/javafx/webkit/prism/WCGraphicsPrismContext$17
Event: 10.967 loading class com/sun/javafx/webkit/prism/WCGraphicsPrismContext$17 done
Event: 10.967 loading class com/sun/javafx/webkit/prism/WCGraphicsPrismContext$2
Event: 10.967 loading class com/sun/javafx/webkit/prism/WCGraphicsPrismContext$2 done
Event: 10.967 loading class com/sun/prism/shader/FillRoundRect_Color_Loader
Event: 10.967 loading class com/sun/prism/shader/FillRoundRect_Color_Loader done


Dynamic libraries:
0x00007ff63e340000 - 0x00007ff63e377000 	C:\Program Files\Java\jdk1.8.0_144\jre\bin\java.exe
0x00007ff914990000 - 0x00007ff914b88000 	C:\Windows\SYSTEM32\ntdll.dll
0x00007ff912da0000 - 0x00007ff912e5f000 	C:\Windows\System32\KERNEL32.DLL
0x00007ff912440000 - 0x00007ff91271a000 	C:\Windows\System32\KERNELBASE.dll
0x00007ff913c10000 - 0x00007ff913cbe000 	C:\Windows\System32\ADVAPI32.dll
0x00007ff912e60000 - 0x00007ff912efe000 	C:\Windows\System32\msvcrt.dll
0x00007ff913990000 - 0x00007ff913a2c000 	C:\Windows\System32\sechost.dll
0x00007ff9145d0000 - 0x00007ff9146f6000 	C:\Windows\System32\RPCRT4.dll
0x00007ff9136d0000 - 0x00007ff91386d000 	C:\Windows\System32\USER32.dll
0x00007ff9120a0000 - 0x00007ff9120c2000 	C:\Windows\System32\win32u.dll
0x00007ff9129f0000 - 0x00007ff912a1b000 	C:\Windows\System32\GDI32.dll
0x00007ff912330000 - 0x00007ff912440000 	C:\Windows\System32\gdi32full.dll
0x00007ff9120d0000 - 0x00007ff91216d000 	C:\Windows\System32\msvcp_win.dll
0x00007ff912720000 - 0x00007ff912820000 	C:\Windows\System32\ucrtbase.dll
0x00007ff904480000 - 0x00007ff90471a000 	C:\Windows\WinSxS\amd64_microsoft.windows.common-controls_6595b64144ccf1df_6.0.19041.1110_none_60b5254171f9507e\COMCTL32.dll
0x00007ff913de0000 - 0x00007ff913e10000 	C:\Windows\System32\IMM32.DLL
0x0000000061100000 - 0x00000000611d2000 	C:\Program Files\Java\jdk1.8.0_144\jre\bin\msvcr100.dll
0x0000000060210000 - 0x0000000060aad000 	C:\Program Files\Java\jdk1.8.0_144\jre\bin\server\jvm.dll
0x00007ff913cf0000 - 0x00007ff913cf8000 	C:\Windows\System32\PSAPI.DLL
0x00007ff905c80000 - 0x00007ff905ca7000 	C:\Windows\SYSTEM32\WINMM.dll
0x00007ff8f4040000 - 0x00007ff8f4049000 	C:\Windows\SYSTEM32\WSOCK32.dll
0x00007ff90d3a0000 - 0x00007ff90d3aa000 	C:\Windows\SYSTEM32\VERSION.dll
0x00007ff913e10000 - 0x00007ff913e7b000 	C:\Windows\System32\WS2_32.dll
0x00000000610b0000 - 0x00000000610bf000 	C:\Program Files\Java\jdk1.8.0_144\jre\bin\verify.dll
0x0000000061080000 - 0x00000000610a9000 	C:\Program Files\Java\jdk1.8.0_144\jre\bin\java.dll
0x0000000061060000 - 0x0000000061076000 	C:\Program Files\Java\jdk1.8.0_144\jre\bin\zip.dll
0x00007ff913e80000 - 0x00007ff9145c4000 	C:\Windows\System32\SHELL32.dll
0x00007ff910160000 - 0x00007ff9108f3000 	C:\Windows\SYSTEM32\windows.storage.dll
0x00007ff913370000 - 0x00007ff9136c4000 	C:\Windows\System32\combase.dll
0x00007ff911b00000 - 0x00007ff911b2e000 	C:\Windows\SYSTEM32\Wldp.dll
0x00007ff913b60000 - 0x00007ff913c0d000 	C:\Windows\System32\SHCORE.dll
0x00007ff913a30000 - 0x00007ff913a85000 	C:\Windows\System32\shlwapi.dll
0x00007ff911fe0000 - 0x00007ff911fff000 	C:\Windows\SYSTEM32\profapi.dll
0x00007ff8e5500000 - 0x00007ff8e55ef000 	C:\Program Files\Java\jdk1.8.0_144\jre\bin\msvcr120.dll
0x00007ff8e3340000 - 0x00007ff8e33e6000 	C:\Program Files\Java\jdk1.8.0_144\jre\bin\msvcp120.dll
0x00000000600e0000 - 0x0000000060102000 	C:\Program Files\Java\jdk1.8.0_144\jre\bin\prism_d3d.dll
0x00007ff9029c0000 - 0x00007ff902b8d000 	C:\Windows\system32\d3d9.dll
0x00007ff90ffb0000 - 0x00007ff90ffc2000 	C:\Windows\SYSTEM32\kernel.appcore.dll
0x00007ff90fc70000 - 0x00007ff90fc9f000 	C:\Windows\SYSTEM32\dwmapi.dll
0x00007ff90f5c0000 - 0x00007ff90f65e000 	C:\Windows\system32\uxtheme.dll
0x00007ff8e3510000 - 0x00007ff8e3675000 	C:\Windows\System32\DriverStore\FileRepository\iigd_dch.inf_amd64_e6980897e3126266\igdumdim64.dll
0x00007ff912a30000 - 0x00007ff912b5a000 	C:\Windows\System32\ole32.dll
0x00007ff88e400000 - 0x00007ff89208b000 	C:\Windows\System32\DriverStore\FileRepository\iigd_dch.inf_amd64_e6980897e3126266\igd9dxva64.dll
0x00007ff913a90000 - 0x00007ff913b5d000 	C:\Windows\System32\OLEAUT32.dll
0x00007ff912f00000 - 0x00007ff913368000 	C:\Windows\System32\SETUPAPI.dll
0x00007ff912170000 - 0x00007ff9121be000 	C:\Windows\System32\cfgmgr32.dll
0x00007ff9121c0000 - 0x00007ff9121e7000 	C:\Windows\System32\bcrypt.dll
0x00007ff8ab4a0000 - 0x00007ff8ab7d6000 	C:\Windows\System32\DriverStore\FileRepository\iigd_dch.inf_amd64_e6980897e3126266\igdgmm64.dll
0x0000000060090000 - 0x00000000600d3000 	C:\Program Files\Java\jdk1.8.0_144\jre\bin\glass.dll
0x00007ff913d00000 - 0x00007ff913dda000 	C:\Windows\System32\COMDLG32.dll
0x00007ff913870000 - 0x00007ff913984000 	C:\Windows\System32\MSCTF.dll
0x00007ff9122a0000 - 0x00007ff912322000 	C:\Windows\System32\bcryptPrimitives.dll
0x00007ff90b970000 - 0x00007ff90b997000 	C:\Windows\System32\DriverStore\FileRepository\iigd_dch.inf_amd64_e6980897e3126266\igdinfo64.dll
0x00007ff911a50000 - 0x00007ff911a68000 	C:\Windows\SYSTEM32\CRYPTSP.dll
0x00007ff911110000 - 0x00007ff911144000 	C:\Windows\system32\rsaenh.dll
0x00007ff911a70000 - 0x00007ff911a7c000 	C:\Windows\SYSTEM32\CRYPTBASE.dll
0x00007ff892090000 - 0x00007ff894e1f000 	C:\Windows\System32\DriverStore\FileRepository\iigd_dch.inf_amd64_e6980897e3126266\igc64.dll
0x00007ff906ff0000 - 0x00007ff90702b000 	C:\Windows\SYSTEM32\dxcore.dll
0x0000000060070000 - 0x0000000060084000 	C:\Program Files\Java\jdk1.8.0_144\jre\bin\javafx_font.dll
0x00007ff8fd130000 - 0x00007ff8fd3af000 	C:\Windows\SYSTEM32\dwrite.dll
0x00007ff9148a0000 - 0x00007ff914949000 	C:\Windows\System32\clbcatq.dll
0x00007ff90f370000 - 0x00007ff90f524000 	C:\Windows\SYSTEM32\WindowsCodecs.dll
0x00007ff8fbe90000 - 0x00007ff8fbece000 	C:\Windows\system32\dataexchange.dll
0x00007ff909d30000 - 0x00007ff909f93000 	C:\Windows\system32\d3d11.dll
0x00007ff90a540000 - 0x00007ff90a723000 	C:\Windows\system32\dcomp.dll
0x00007ff910960000 - 0x00007ff910a53000 	C:\Windows\system32\dxgi.dll
0x00007ff90b0d0000 - 0x00007ff90b2d0000 	C:\Windows\system32\twinapi.appcore.dll
0x00007ff8f0130000 - 0x00007ff8f0164000 	C:\Program Files\Common Files\Microsoft Shared\Ink\rtscom.dll
0x00007ff8f04f0000 - 0x00007ff8f05e9000 	C:\Windows\SYSTEM32\textinputframework.dll
0x00007ff90dfa0000 - 0x00007ff90e092000 	C:\Windows\System32\CoreMessaging.dll
0x00007ff90ac20000 - 0x00007ff90af7e000 	C:\Windows\System32\CoreUIComponents.dll
0x00007ff911230000 - 0x00007ff911263000 	C:\Windows\SYSTEM32\ntmarta.dll
0x00007ff90e840000 - 0x00007ff90e994000 	C:\Windows\SYSTEM32\wintypes.dll
0x0000000060050000 - 0x0000000060061000 	C:\Program Files\Java\jdk1.8.0_144\jre\bin\prism_common.dll
0x000000005d890000 - 0x0000000060044000 	C:\Program Files\Java\jdk1.8.0_144\jre\bin\jfxwebkit.dll
0x0000000061040000 - 0x000000006105a000 	C:\Program Files\Java\jdk1.8.0_144\jre\bin\net.dll
0x00007ff911860000 - 0x00007ff9118ca000 	C:\Windows\system32\mswsock.dll
0x0000000061020000 - 0x0000000061031000 	C:\Program Files\Java\jdk1.8.0_144\jre\bin\nio.dll
0x00007ff911540000 - 0x00007ff91160b000 	C:\Windows\SYSTEM32\DNSAPI.dll
0x00007ff911500000 - 0x00007ff91153c000 	C:\Windows\SYSTEM32\IPHLPAPI.DLL
0x00007ff912a20000 - 0x00007ff912a28000 	C:\Windows\System32\NSI.dll
0x00007ff90cfd0000 - 0x00007ff90cfda000 	C:\Windows\System32\rasadhlp.dll
0x00007ff908c20000 - 0x00007ff908ca0000 	C:\Windows\System32\fwpuclnt.dll
0x0000000060120000 - 0x0000000060144000 	C:\Program Files\Java\jdk1.8.0_144\jre\bin\sunec.dll
0x00007ff90c680000 - 0x00007ff90c697000 	C:\Windows\SYSTEM32\dhcpcsvc6.DLL
0x00007ff90c660000 - 0x00007ff90c67d000 	C:\Windows\SYSTEM32\dhcpcsvc.DLL
0x00007ff911f60000 - 0x00007ff911f8e000 	C:\Windows\SYSTEM32\USERENV.dll
0x0000000060110000 - 0x000000006011b000 	C:\Program Files\Java\jdk1.8.0_144\jre\bin\sunmscapi.dll
0x00007ff912890000 - 0x00007ff9129e6000 	C:\Windows\System32\CRYPT32.dll
0x00007ff90f880000 - 0x00007ff90fa64000 	C:\Windows\SYSTEM32\dbghelp.dll

VM Arguments:
jvm_args: -Dfile.encoding=UTF-8 
java_command: C:\Users\Fares CHAKROUN\Desktop\PIDEVjava\dist\run1027546160\PIDEVjava.jar
java_class_path (initial): C:\Users\Fares CHAKROUN\Desktop\PIDEVjava\dist\run1027546160\PIDEVjava.jar
Launcher Type: SUN_STANDARD

Environment Variables:
PATH=C:\Program Files (x86)\Common Files\Oracle\Java\javapath;C:\oraclexe\app\oracle\product\11.2.0\server\bin;C:\ProgramData\Oracle\Java\javapath;C:\Windows\system32;C:\Windows;C:\Windows\System32\Wbem;C:\Windows\System32\WindowsPowerShell\v1.0\;C:\Windows\System32\OpenSSH\;C:\Program Files\NVIDIA Corporation\NVIDIA NvDLISR;C:\xampp\php;C:\ProgramData\ComposerSetup\bin;C:\Program Files (x86)\NVIDIA Corporation\PhysX\Common;C:\Program Files\CodeBlocks\MinGW\bin;C:\Program Files (x86)\GnuWin32\bin;C:\Program Files\Git\cmd;C:\Users\Fares CHAKROUN\scoop\shims;C:\Users\Fares CHAKROUN\AppData\Local\Microsoft\WindowsApps;C:\Program Files\Java\jdk1.8.0_144\bin;C:\Users\Fares CHAKROUN\AppData\Local\Programs\Microsoft VS Code\bin;C:\Users\Fares CHAKROUN\AppData\Roaming\Composer\vendor\bin;C:\Program Files\JetBrains\PhpStorm 2022.2.3\bin;;C:\Program Files\JetBrains\IntelliJ IDEA Community Edition 2022.2.4\bin;;C:\Users\Fares CHAKROUN\AppData\Local\GitHubDesktop\bin
USERNAME=Fares CHAKROUN
OS=Windows_NT
PROCESSOR_IDENTIFIER=Intel64 Family 6 Model 165 Stepping 2, GenuineIntel



---------------  S Y S T E M  ---------------

OS: Windows 10.0 , 64 bit Build 19041 (10.0.19041.2788)

CPU:total 12 (initial active 12) (6 cores per cpu, 2 threads per core) family 6 model 165 stepping 2, cmov, cx8, fxsr, mmx, sse, sse2, sse3, ssse3, sse4.1, sse4.2, popcnt, avx, avx2, aes, clmul, erms, 3dnowpref, lzcnt, ht, tsc, tscinvbit, bmi1, bmi2, adx

Memory: 4k page, physical 16641840k(5619388k free), swap 28176176k(7835364k free)

vm_info: Java HotSpot(TM) 64-Bit Server VM (25.144-b01) for windows-amd64 JRE (1.8.0_144-b01), built on Jul 21 2017 21:57:33 by "java_re" with MS VC++ 10.0 (VS2010)

time: Sat Apr 22 18:58:10 2023
elapsed time: 10 seconds (0d 0h 0m 10s)

